
   Lattice Mapping Report File for Design Module 'energy_system_all_in_one'


Design Information
------------------

Command line:   map -a ECP5U -p LFE5U-45F -t CABGA381 -s 6 -oc Commercial
     Projeto_impl1.ngd -o Projeto_impl1_map.ncd -pr Projeto_impl1.prf -mp
     Projeto_impl1.mrp -lpf C:/Users/ResTIC16/Desktop/possivelproojeto/Projeto/i
     mpl1/Projeto_impl1_synplify.lpf -lpf C:/Users/ResTIC16/Desktop/possivelproo
     jeto/Arquivos/Gereciamento_energetico.lpf -gui -msgset
     C:/Users/ResTIC16/Desktop/possivelproojeto/Projeto/promote.xml 
Target Vendor:  LATTICE
Target Device:  LFE5U-45FCABGA381
Target Performance:   6
Mapper:  sa5p00,  version:  Diamond (64-bit) 3.14.0.75.2
Mapped on:  10/31/25  13:59:24

Design Summary
--------------

   Number of registers:      5 out of 44457 (0%)
      PFU registers:            5 out of 43848 (0%)
      PIO registers:            0 out of   609 (0%)
   Number of SLICEs:        17 out of 21924 (0%)
      SLICEs as Logic/ROM:     17 out of 21924 (0%)
      SLICEs as RAM:            0 out of 16443 (0%)
      SLICEs as Carry:          0 out of 21924 (0%)
   Number of LUT4s:         25 out of 43848 (0%)
      Number used as logic LUTs:         25
      Number used as distributed RAM:     0
      Number used as ripple logic:        0
      Number used as shift registers:     0
   Number of PIO sites used: 10 out of 203 (5%)
   Number of block RAMs:  0 out of 108 (0%)
   Number of GSRs:  1 out of 1 (100%)
   JTAG used :      No
   Readback used :  No
   Oscillator used :  No
   Startup used :   No
   DTR used :   No
   Number of Dynamic Bank Controller (BCINRD):  0 out of 4 (0%)
   Number of Dynamic Bank Controller (BCLVDSOB):  0 out of 4 (0%)
   Number of DCC:  0 out of 60 (0%)
   Number of DCS:  0 out of 2 (0%)
   Number of PLLs:  0 out of 4 (0%)
   Number of DDRDLLs:  0 out of 4 (0%)
   Number of CLKDIV:  0 out of 4 (0%)
   Number of ECLKSYNC:  0 out of 10 (0%)
   Number of ECLKBRIDGECS:  0 out of 2 (0%)
   Notes:-
      1. Total number of LUT4s = (Number of logic LUT4s) + 2*(Number of
     distributed RAMs) + 2*(Number of ripple logic)
      2. Number of logic LUT4s does not include count of distributed RAM and
     ripple logic.

        Number Of Mapped DSP Components:
   --------------------------------
   MULT18X18D          0
   MULT9X9D            0
   ALU54B              0

                                    Page 1




Design:  energy_system_all_in_one                      Date:  10/31/25  13:59:24

Design Summary (cont)
---------------------
   ALU24B              0
   PRADD18A            0
   PRADD9A             0
   --------------------------------
   Number of Used DSP MULT Sites:  0 out of 144 (0 %)
   Number of Used DSP ALU Sites:  0 out of 72 (0 %)
   Number of Used DSP PRADD Sites:  0 out of 144 (0 %)
   Number of clocks:  1
     Net clk_c: 3 loads, 3 rising, 0 falling (Driver: PIO clk )
   Number of Clock Enables:  0
   Number of local set/reset loads for net reset_n_c merged into GSR:  5
   Number of LSRs:  0
   Number of nets driven by tri-state buffers:  0
   Top 10 highest fanout non-clock nets:
     Net battery_button_c: 9 loads
     Net u_energy/current_mode[1]: 9 loads
     Net u_energy/current_mode[2]: 8 loads
     Net is_braking_c: 7 loads
     Net operating_mode2_c: 7 loads
     Net u_energy/current_mode[3]: 7 loads
     Net p_demand_high_c: 6 loads
     Net p_idle_c: 6 loads
     Net p_demand_low_c: 3 loads
     Net u_energy/current_mode[0]: 3 loads




   Number of warnings:  1
   Number of errors:    0
     

Design Errors/Warnings
----------------------

WARNING - map: Using local reset signal 'reset_n_c' to infer global GSR net.

IO (PIO) Attributes
-------------------

+---------------------+-----------+-----------+------------+
| IO Name             | Direction | Levelmode | IO         |
|                     |           |  IO_TYPE  | Register   |
+---------------------+-----------+-----------+------------+
| operating_mode0     | OUTPUT    | LVCMOS33  |            |
+---------------------+-----------+-----------+------------+
| clk                 | INPUT     | LVCMOS33  |            |
+---------------------+-----------+-----------+------------+
| operating_mode2     | OUTPUT    | LVCMOS33  |            |
+---------------------+-----------+-----------+------------+
| operating_mode1     | OUTPUT    | LVCMOS33  |            |
+---------------------+-----------+-----------+------------+
| battery_button      | INPUT     | LVCMOS33  |            |
+---------------------+-----------+-----------+------------+
| is_braking          | INPUT     | LVCMOS33  |            |
+---------------------+-----------+-----------+------------+

                                    Page 2




Design:  energy_system_all_in_one                      Date:  10/31/25  13:59:24

IO (PIO) Attributes (cont)
--------------------------
| p_idle              | INPUT     | LVCMOS33  |            |
+---------------------+-----------+-----------+------------+
| p_demand_high       | INPUT     | LVCMOS33  |            |
+---------------------+-----------+-----------+------------+
| p_demand_low        | INPUT     | LVCMOS33  |            |
+---------------------+-----------+-----------+------------+
| reset_n             | INPUT     | LVCMOS33  |            |
+---------------------+-----------+-----------+------------+

Removed logic
-------------

Block VCC undriven or does not drive anything - clipped.
Block GND undriven or does not drive anything - clipped.
Block u_energy/GND undriven or does not drive anything - clipped.
Block u_energy/VCC undriven or does not drive anything - clipped.
Signal reset_n_c_i was merged into signal reset_n_c
Signal VCC undriven or does not drive anything - clipped.
Block reset_n_pad_RNI49NR4 was optimized away.

     

GSR Usage
---------

GSR Component:
   The local reset signal 'reset_n_c' of the design has been inferred as Global
        Set Reset (GSR). The reset signal used for GSR control is 'reset_n_c'.
        

     GSR Property:
   The design components with GSR property set to ENABLED will respond to global
        set reset while the components with GSR property set to DISABLED will
        not.
        

Run Time and Memory Usage
-------------------------

   Total CPU Time: 1 secs  
   Total REAL Time: 2 secs  
   Peak Memory Usage: 158 MB
        














                                    Page 3


Copyright (c) 1991-1994 by NeoCAD Inc. All rights reserved.
     Copyright (c) 1995 AT&T Corp.   All rights reserved.
     Copyright (c) 1995-2001 Lucent Technologies Inc.  All rights reserved.
     Copyright (c) 2001 Agere Systems   All rights reserved.
     Copyright (c) 2002-2024 Lattice Semiconductor Corporation,  All rights
     reserved.
